<?xml version="1.0" encoding="UTF-8" ?>
<testsuite tests="2" failures="0" name="com.parthi.spring.ws.soap.service.client.AccountServiceTest" time="0.851" errors="1" skipped="0">
  <properties>
[...]
</properties>
  <testcase classname="com.parthi.spring.ws.soap.service.client.AccountServiceTest" name="getDetails" time="0.804">
    <error message="No adapter for endpoint [public com.parthi.spring.ws.soap.vo.AccountDetailResponse com.parthi.spring.ws.soap.service.AccountServiceImpl.getDetail(java.lang.String)]: Is your endpoint annotated with @Endpoint, or does it implement a supported interface like MessageHandler or PayloadEndpoint?" type="org.springframework.ws.soap.client.SoapFaultClientException">org.springframework.ws.soap.client.SoapFaultClientException: No adapter for endpoint [public com.parthi.spring.ws.soap.vo.AccountDetailResponse com.parthi.spring.ws.soap.service.AccountServiceImpl.getDetail(java.lang.String)]: Is your endpoint annotated with @Endpoint, or does it implement a supported interface like MessageHandler or PayloadEndpoint?
	at org.springframework.ws.soap.client.core.SoapFaultMessageResolver.resolveFault(SoapFaultMessageResolver.java:38)
	at org.springframework.ws.client.core.WebServiceTemplate.handleFault(WebServiceTemplate.java:830)
	at org.springframework.ws.client.core.WebServiceTemplate.doSendAndReceive(WebServiceTemplate.java:624)
	at org.springframework.ws.client.core.WebServiceTemplate.sendAndReceive(WebServiceTemplate.java:555)
	at org.springframework.ws.client.core.WebServiceTemplate.marshalSendAndReceive(WebServiceTemplate.java:390)
	at org.springframework.ws.client.core.WebServiceTemplate.marshalSendAndReceive(WebServiceTemplate.java:383)
	at org.springframework.ws.client.core.WebServiceTemplate.marshalSendAndReceive(WebServiceTemplate.java:373)
	at com.parthi.spring.ws.soap.service.client.AccountServiceTest.getDetails(AccountServiceTest.java:37)
	at sun.reflect.NativeMethodAccessorImpl.invoke0(Native Method)
	at sun.reflect.NativeMethodAccessorImpl.invoke(NativeMethodAccessorImpl.java:62)
	at sun.reflect.DelegatingMethodAccessorImpl.invoke(DelegatingMethodAccessorImpl.java:43)
	at java.lang.reflect.Method.invoke(Method.java:497)
	at org.junit.runners.model.FrameworkMethod$1.runReflectiveCall(FrameworkMethod.java:50)
	at org.junit.internal.runners.model.ReflectiveCallable.run(ReflectiveCallable.java:12)
	at org.junit.runners.model.FrameworkMethod.invokeExplosively(FrameworkMethod.java:47)
	at org.junit.internal.runners.statements.InvokeMethod.evaluate(InvokeMethod.java:17)
	at org.springframework.test.context.junit4.statements.RunBeforeTestMethodCallbacks.evaluate(RunBeforeTestMethodCallbacks.java:74)
	at org.springframework.test.context.junit4.statements.RunAfterTestMethodCallbacks.evaluate(RunAfterTestMethodCallbacks.java:83)
	at org.springframework.test.context.junit4.statements.SpringRepeat.evaluate(SpringRepeat.java:72)
	at org.springframework.test.context.junit4.SpringJUnit4ClassRunner.runChild(SpringJUnit4ClassRunner.java:233)
	at org.springframework.test.context.junit4.SpringJUnit4ClassRunner.runChild(SpringJUnit4ClassRunner.java:87)
	at org.junit.runners.ParentRunner$3.run(ParentRunner.java:290)
	at org.junit.runners.ParentRunner$1.schedule(ParentRunner.java:71)
	at org.junit.runners.ParentRunner.runChildren(ParentRunner.java:288)
	at org.junit.runners.ParentRunner.access$000(ParentRunner.java:58)
	at org.junit.runners.ParentRunner$2.evaluate(ParentRunner.java:268)
	at org.springframework.test.context.junit4.statements.RunBeforeTestClassCallbacks.evaluate(RunBeforeTestClassCallbacks.java:61)
	at org.springframework.test.context.junit4.statements.RunAfterTestClassCallbacks.evaluate(RunAfterTestClassCallbacks.java:71)
	at org.junit.runners.ParentRunner.run(ParentRunner.java:363)
	at org.springframework.test.context.junit4.SpringJUnit4ClassRunner.run(SpringJUnit4ClassRunner.java:176)
	at org.apache.maven.surefire.junit4.JUnit4Provider.execute(JUnit4Provider.java:252)
	at org.apache.maven.surefire.junit4.JUnit4Provider.executeTestSet(JUnit4Provider.java:141)
	at org.apache.maven.surefire.junit4.JUnit4Provider.invoke(JUnit4Provider.java:112)
	at sun.reflect.NativeMethodAccessorImpl.invoke0(Native Method)
	at sun.reflect.NativeMethodAccessorImpl.invoke(NativeMethodAccessorImpl.java:62)
	at sun.reflect.DelegatingMethodAccessorImpl.invoke(DelegatingMethodAccessorImpl.java:43)
	at java.lang.reflect.Method.invoke(Method.java:497)
	at org.apache.maven.surefire.util.ReflectionUtils.invokeMethodWithArray(ReflectionUtils.java:189)
	at org.apache.maven.surefire.booter.ProviderFactory$ProviderProxy.invoke(ProviderFactory.java:165)
	at org.apache.maven.surefire.booter.ProviderFactory.invokeProvider(ProviderFactory.java:85)
	at org.apache.maven.surefire.booter.ForkedBooter.runSuitesInProcess(ForkedBooter.java:115)
	at org.apache.maven.surefire.booter.ForkedBooter.main(ForkedBooter.java:75)
</error>
    <system-out>log4j: reset attribute= &quot;false&quot;.
log4j: Threshold =&quot;null&quot;.
log4j: Level value for root is  [TRACE].
log4j: root level set to TRACE
log4j: Class name: [org.apache.log4j.ConsoleAppender]
log4j: Parsing layout of class: &quot;org.apache.log4j.PatternLayout&quot;
log4j: Setting property [conversionPattern] to [%d{yyyy-MM-dd HH:mm:ss} %-5p %c{1}:%L - %m%n].
log4j: Adding appender named [console] to category [root].
log4j: Class name: [org.apache.log4j.RollingFileAppender]
log4j: Setting property [append] to [false].
log4j: Setting property [maxFileSize] to [10MB].
log4j: Setting property [maxBackupIndex] to [10].
log4j: Setting property [file] to [target/logs/springSoapClient.log].
log4j: Parsing layout of class: &quot;org.apache.log4j.PatternLayout&quot;
log4j: Setting property [conversionPattern] to [%d{yyyy-MM-dd HH:mm:ss} %-5p %c{1}:%L - %m%n].
log4j: setFile called: target/logs/springSoapClient.log, false
log4j: setFile ended
log4j: Adding appender named [file] to category [root].
2016-10-11 16:21:25 DEBUG SpringJUnit4ClassRunner:105 - SpringJUnit4ClassRunner constructor called with [class com.parthi.spring.ws.soap.service.client.AccountServiceTest].
2016-10-11 16:21:25 TRACE ContextLoaderUtils:224 - Retrieved @ContextConfiguration attributes [{name=, value=[], classes=[], loader=interface org.springframework.test.context.ContextLoader, locations=[classpath:soapClient.xml], inheritInitializers=true, inheritLocations=true, initializers=[]}] for declaring class [com.parthi.spring.ws.soap.service.client.AccountServiceTest].
2016-10-11 16:21:25 TRACE ContextLoaderUtils:230 - Resolved context configuration attributes: [ContextConfigurationAttributes@17550481 declaringClass = &apos;com.parthi.spring.ws.soap.service.client.AccountServiceTest&apos;, classes = &apos;{}&apos;, locations = &apos;{classpath:soapClient.xml}&apos;, inheritLocations = true, initializers = &apos;{}&apos;, inheritInitializers = true, name = [null], contextLoaderClass = &apos;org.springframework.test.context.ContextLoader&apos;]
2016-10-11 16:21:25 TRACE ContextLoaderUtils:165 - Processing ContextLoader for context configuration attributes [ContextConfigurationAttributes@17550481 declaringClass = &apos;com.parthi.spring.ws.soap.service.client.AccountServiceTest&apos;, classes = &apos;{}&apos;, locations = &apos;{classpath:soapClient.xml}&apos;, inheritLocations = true, initializers = &apos;{}&apos;, inheritInitializers = true, name = [null], contextLoaderClass = &apos;org.springframework.test.context.ContextLoader&apos;]
2016-10-11 16:21:25 TRACE ContextLoaderUtils:182 - Using default ContextLoader class [org.springframework.test.context.support.DelegatingSmartContextLoader] for test class [com.parthi.spring.ws.soap.service.client.AccountServiceTest]
2016-10-11 16:21:25 TRACE ContextLoaderUtils:697 - Processing locations and classes for context configuration attributes [ContextConfigurationAttributes@17550481 declaringClass = &apos;com.parthi.spring.ws.soap.service.client.AccountServiceTest&apos;, classes = &apos;{}&apos;, locations = &apos;{classpath:soapClient.xml}&apos;, inheritLocations = true, initializers = &apos;{}&apos;, inheritInitializers = true, name = [null], contextLoaderClass = &apos;org.springframework.test.context.ContextLoader&apos;]
2016-10-11 16:21:25 DEBUG AbstractDelegatingSmartContextLoader:90 - Delegating to GenericXmlContextLoader to process context configuration [ContextConfigurationAttributes@17550481 declaringClass = &apos;com.parthi.spring.ws.soap.service.client.AccountServiceTest&apos;, classes = &apos;{}&apos;, locations = &apos;{classpath:soapClient.xml}&apos;, inheritLocations = true, initializers = &apos;{}&apos;, inheritInitializers = true, name = [null], contextLoaderClass = &apos;org.springframework.test.context.ContextLoader&apos;].
2016-10-11 16:21:25 TRACE ContextLoaderUtils:465 - Processing context initializers for context configuration attributes [ContextConfigurationAttributes@17550481 declaringClass = &apos;com.parthi.spring.ws.soap.service.client.AccountServiceTest&apos;, classes = &apos;{}&apos;, locations = &apos;{classpath:soapClient.xml}&apos;, inheritLocations = true, initializers = &apos;{}&apos;, inheritInitializers = true, name = [null], contextLoaderClass = &apos;org.springframework.test.context.ContextLoader&apos;]
2016-10-11 16:21:25 DEBUG ContextLoaderUtils:502 - Could not find an &apos;annotation declaring class&apos; for annotation type [org.springframework.test.context.ActiveProfiles] and class [com.parthi.spring.ws.soap.service.client.AccountServiceTest]
2016-10-11 16:21:25 DEBUG TestContextManager:190 - @TestExecutionListeners is not present for class [com.parthi.spring.ws.soap.service.client.AccountServiceTest]: using defaults.
2016-10-11 16:21:25 INFO  TestContextManager:242 - Could not instantiate TestExecutionListener [org.springframework.test.context.web.ServletTestExecutionListener]. Specify custom listener classes or make the default listener classes (and their required dependencies) available. Offending class: [javax/servlet/ServletContext]
2016-10-11 16:21:25 INFO  TestContextManager:242 - Could not instantiate TestExecutionListener [org.springframework.test.context.transaction.TransactionalTestExecutionListener]. Specify custom listener classes or make the default listener classes (and their required dependencies) available. Offending class: [org/springframework/transaction/interceptor/TransactionAttributeSource]
2016-10-11 16:21:25 TRACE TestContextManager:141 - Registering TestExecutionListener: org.springframework.test.context.support.DependencyInjectionTestExecutionListener@5419f379
2016-10-11 16:21:25 TRACE TestContextManager:141 - Registering TestExecutionListener: org.springframework.test.context.support.DirtiesContextTestExecutionListener@7dc7cbad
2016-10-11 16:21:25 DEBUG ProfileValueUtils:70 - Retrieved @ProfileValueSourceConfiguration [null] for test class [com.parthi.spring.ws.soap.service.client.AccountServiceTest]
2016-10-11 16:21:25 DEBUG ProfileValueUtils:82 - Retrieved ProfileValueSource type [class org.springframework.test.annotation.SystemProfileValueSource] for class [com.parthi.spring.ws.soap.service.client.AccountServiceTest]
2016-10-11 16:21:25 DEBUG ProfileValueUtils:70 - Retrieved @ProfileValueSourceConfiguration [null] for test class [com.parthi.spring.ws.soap.service.client.AccountServiceTest]
2016-10-11 16:21:25 DEBUG ProfileValueUtils:82 - Retrieved ProfileValueSource type [class org.springframework.test.annotation.SystemProfileValueSource] for class [com.parthi.spring.ws.soap.service.client.AccountServiceTest]
2016-10-11 16:21:25 TRACE TestContextManager:292 - beforeTestClass(): class [com.parthi.spring.ws.soap.service.client.AccountServiceTest]
2016-10-11 16:21:25 DEBUG ProfileValueUtils:70 - Retrieved @ProfileValueSourceConfiguration [null] for test class [com.parthi.spring.ws.soap.service.client.AccountServiceTest]
2016-10-11 16:21:25 DEBUG ProfileValueUtils:82 - Retrieved ProfileValueSource type [class org.springframework.test.annotation.SystemProfileValueSource] for class [com.parthi.spring.ws.soap.service.client.AccountServiceTest]
2016-10-11 16:21:25 TRACE TestContextManager:325 - prepareTestInstance(): instance [com.parthi.spring.ws.soap.service.client.AccountServiceTest@46d56d67]
2016-10-11 16:21:25 DEBUG DependencyInjectionTestExecutionListener:73 - Performing dependency injection for test context [[DefaultTestContext@d8355a8 testClass = AccountServiceTest, testInstance = com.parthi.spring.ws.soap.service.client.AccountServiceTest@46d56d67, testMethod = [null], testException = [null], mergedContextConfiguration = [MergedContextConfiguration@59fa1d9b testClass = AccountServiceTest, locations = &apos;{classpath:soapClient.xml}&apos;, classes = &apos;{}&apos;, contextInitializerClasses = &apos;[]&apos;, activeProfiles = &apos;{}&apos;, contextLoader = &apos;org.springframework.test.context.support.DelegatingSmartContextLoader&apos;, parent = [null]]]].
2016-10-11 16:21:25 DEBUG AbstractDelegatingSmartContextLoader:100 - Delegating to GenericXmlContextLoader to load context from [MergedContextConfiguration@59fa1d9b testClass = AccountServiceTest, locations = &apos;{classpath:soapClient.xml}&apos;, classes = &apos;{}&apos;, contextInitializerClasses = &apos;[]&apos;, activeProfiles = &apos;{}&apos;, contextLoader = &apos;org.springframework.test.context.support.DelegatingSmartContextLoader&apos;, parent = [null]].
2016-10-11 16:21:25 DEBUG AbstractGenericContextLoader:107 - Loading ApplicationContext for merged context configuration [[MergedContextConfiguration@59fa1d9b testClass = AccountServiceTest, locations = &apos;{classpath:soapClient.xml}&apos;, classes = &apos;{}&apos;, contextInitializerClasses = &apos;[]&apos;, activeProfiles = &apos;{}&apos;, contextLoader = &apos;org.springframework.test.context.support.DelegatingSmartContextLoader&apos;, parent = [null]]].
2016-10-11 16:21:26 DEBUG StandardEnvironment:109 - Adding [systemProperties] PropertySource with lowest search precedence
2016-10-11 16:21:26 DEBUG StandardEnvironment:109 - Adding [systemEnvironment] PropertySource with lowest search precedence
2016-10-11 16:21:26 DEBUG StandardEnvironment:126 - Initialized StandardEnvironment with PropertySources [systemProperties,systemEnvironment]
2016-10-11 16:21:26 INFO  XmlBeanDefinitionReader:317 - Loading XML bean definitions from class path resource [soapClient.xml]
2016-10-11 16:21:26 DEBUG DefaultDocumentLoader:73 - Using JAXP provider [com.sun.org.apache.xerces.internal.jaxp.DocumentBuilderFactoryImpl]
2016-10-11 16:21:26 TRACE PluggableSchemaResolver:106 - Trying to resolve XML entity with public id [null] and system id [http://www.springframework.org/schema/beans/spring-beans.xsd]
2016-10-11 16:21:26 DEBUG PluggableSchemaResolver:141 - Loading schema mappings from [META-INF/spring.schemas]
2016-10-11 16:21:26 DEBUG PluggableSchemaResolver:147 - Loaded schema mappings: {http://www.springframework.org/schema/oxm/spring-oxm-3.0.xsd=org/springframework/oxm/config/spring-oxm-3.0.xsd, http://www.springframework.org/schema/oxm/spring-oxm-4.0.xsd=org/springframework/oxm/config/spring-oxm-4.0.xsd, http://www.springframework.org/schema/jee/spring-jee-3.2.xsd=org/springframework/ejb/config/spring-jee-3.2.xsd, http://www.springframework.org/schema/util/spring-util.xsd=org/springframework/beans/factory/xml/spring-util-4.0.xsd, http://www.springframework.org/schema/mvc/spring-mvc-3.1.xsd=org/springframework/web/servlet/config/spring-mvc-3.1.xsd, http://www.springframework.org/schema/task/spring-task.xsd=org/springframework/scheduling/config/spring-task-4.0.xsd, http://www.springframework.org/schema/beans/spring-beans-3.1.xsd=org/springframework/beans/factory/xml/spring-beans-3.1.xsd, http://www.springframework.org/schema/cache/spring-cache.xsd=org/springframework/cache/config/spring-cache-4.0.xsd, http://www.springframework.org/schema/aop/spring-aop-3.0.xsd=org/springframework/aop/config/spring-aop-3.0.xsd, http://www.springframework.org/schema/task/spring-task-3.1.xsd=org/springframework/scheduling/config/spring-task-3.1.xsd, http://www.springframework.org/schema/aop/spring-aop-2.0.xsd=org/springframework/aop/config/spring-aop-2.0.xsd, http://www.springframework.org/schema/aop/spring-aop-4.0.xsd=org/springframework/aop/config/spring-aop-4.0.xsd, http://www.springframework.org/schema/oxm/spring-oxm.xsd=org/springframework/oxm/config/spring-oxm-4.0.xsd, http://www.springframework.org/schema/tool/spring-tool-2.5.xsd=org/springframework/beans/factory/xml/spring-tool-2.5.xsd, http://www.springframework.org/schema/beans/spring-beans.xsd=org/springframework/beans/factory/xml/spring-beans-4.0.xsd, http://www.springframework.org/schema/jee/spring-jee-2.5.xsd=org/springframework/ejb/config/spring-jee-2.5.xsd, http://www.springframework.org/schema/tool/spring-tool-3.1.xsd=org/springframework/beans/factory/xml/spring-tool-3.1.xsd, http://www.springframework.org/schema/web-services/web-services-1.5.xsd=/org/springframework/ws/config/web-services-1.5.xsd, http://www.springframework.org/schema/jee/spring-jee-3.1.xsd=org/springframework/ejb/config/spring-jee-3.1.xsd, http://www.springframework.org/schema/aop/spring-aop.xsd=org/springframework/aop/config/spring-aop-4.0.xsd, http://www.springframework.org/schema/context/spring-context-3.2.xsd=org/springframework/context/config/spring-context-3.2.xsd, http://www.springframework.org/schema/beans/spring-beans-2.0.xsd=org/springframework/beans/factory/xml/spring-beans-2.0.xsd, http://www.springframework.org/schema/util/spring-util-3.2.xsd=org/springframework/beans/factory/xml/spring-util-3.2.xsd, http://www.springframework.org/schema/lang/spring-lang-3.2.xsd=org/springframework/scripting/config/spring-lang-3.2.xsd, http://www.springframework.org/schema/beans/spring-beans-4.0.xsd=org/springframework/beans/factory/xml/spring-beans-4.0.xsd, http://www.springframework.org/schema/mvc/spring-mvc-3.0.xsd=org/springframework/web/servlet/config/spring-mvc-3.0.xsd, http://www.springframework.org/schema/beans/spring-beans-3.0.xsd=org/springframework/beans/factory/xml/spring-beans-3.0.xsd, http://www.springframework.org/schema/cache/spring-cache-3.2.xsd=org/springframework/cache/config/spring-cache-3.2.xsd, http://www.springframework.org/schema/mvc/spring-mvc-4.0.xsd=org/springframework/web/servlet/config/spring-mvc-4.0.xsd, http://www.springframework.org/schema/task/spring-task-3.0.xsd=org/springframework/scheduling/config/spring-task-3.0.xsd, http://www.springframework.org/schema/task/spring-task-4.0.xsd=org/springframework/scheduling/config/spring-task-4.0.xsd, http://www.springframework.org/schema/oxm/spring-oxm-3.2.xsd=org/springframework/oxm/config/spring-oxm-3.2.xsd, http://www.springframework.org/schema/context/spring-context-2.5.xsd=org/springframework/context/config/spring-context-2.5.xsd, http://www.springframework.org/schema/tool/spring-tool-3.0.xsd=org/springframework/beans/factory/xml/spring-tool-3.0.xsd, http://www.springframework.org/schema/lang/spring-lang.xsd=org/springframework/scripting/config/spring-lang-4.0.xsd, http://www.springframework.org/schema/tool/spring-tool-2.0.xsd=org/springframework/beans/factory/xml/spring-tool-2.0.xsd, http://www.springframework.org/schema/util/spring-util-2.5.xsd=org/springframework/beans/factory/xml/spring-util-2.5.xsd, http://www.springframework.org/schema/lang/spring-lang-2.5.xsd=org/springframework/scripting/config/spring-lang-2.5.xsd, http://www.springframework.org/schema/tool/spring-tool-4.0.xsd=org/springframework/beans/factory/xml/spring-tool-4.0.xsd, http://www.springframework.org/schema/aop/spring-aop-3.2.xsd=org/springframework/aop/config/spring-aop-3.2.xsd, http://www.springframework.org/schema/jee/spring-jee-3.0.xsd=org/springframework/ejb/config/spring-jee-3.0.xsd, http://www.springframework.org/schema/jee/spring-jee-2.0.xsd=org/springframework/ejb/config/spring-jee-2.0.xsd, http://www.springframework.org/schema/context/spring-context-3.1.xsd=org/springframework/context/config/spring-context-3.1.xsd, http://www.springframework.org/schema/jee/spring-jee-4.0.xsd=org/springframework/ejb/config/spring-jee-4.0.xsd, http://www.springframework.org/schema/util/spring-util-3.1.xsd=org/springframework/beans/factory/xml/spring-util-3.1.xsd, http://www.springframework.org/schema/web-services/web-services.xsd=/org/springframework/ws/config/web-services-2.0.xsd, http://www.springframework.org/schema/lang/spring-lang-3.1.xsd=org/springframework/scripting/config/spring-lang-3.1.xsd, http://www.springframework.org/schema/cache/spring-cache-3.1.xsd=org/springframework/cache/config/spring-cache-3.1.xsd, http://www.springframework.org/schema/context/spring-context.xsd=org/springframework/context/config/spring-context-4.0.xsd, http://www.springframework.org/schema/web-services/web-services-2.0.xsd=/org/springframework/ws/config/web-services-2.0.xsd, http://www.springframework.org/schema/jee/spring-jee.xsd=org/springframework/ejb/config/spring-jee-4.0.xsd, http://www.springframework.org/schema/oxm/spring-oxm-3.1.xsd=org/springframework/oxm/config/spring-oxm-3.1.xsd, http://www.springframework.org/schema/aop/spring-aop-2.5.xsd=org/springframework/aop/config/spring-aop-2.5.xsd, http://www.springframework.org/schema/mvc/spring-mvc.xsd=org/springframework/web/servlet/config/spring-mvc-4.0.xsd, http://www.springframework.org/schema/mvc/spring-mvc-3.2.xsd=org/springframework/web/servlet/config/spring-mvc-3.2.xsd, http://www.springframework.org/schema/beans/spring-beans-3.2.xsd=org/springframework/beans/factory/xml/spring-beans-3.2.xsd, http://www.springframework.org/schema/aop/spring-aop-3.1.xsd=org/springframework/aop/config/spring-aop-3.1.xsd, http://www.springframework.org/schema/task/spring-task-3.2.xsd=org/springframework/scheduling/config/spring-task-3.2.xsd, http://www.springframework.org/schema/context/spring-context-4.0.xsd=org/springframework/context/config/spring-context-4.0.xsd, http://www.springframework.org/schema/context/spring-context-3.0.xsd=org/springframework/context/config/spring-context-3.0.xsd, http://www.springframework.org/schema/tool/spring-tool.xsd=org/springframework/beans/factory/xml/spring-tool-4.0.xsd, http://www.springframework.org/schema/util/spring-util-3.0.xsd=org/springframework/beans/factory/xml/spring-util-3.0.xsd, http://www.springframework.org/schema/lang/spring-lang-3.0.xsd=org/springframework/scripting/config/spring-lang-3.0.xsd, http://www.springframework.org/schema/util/spring-util-2.0.xsd=org/springframework/beans/factory/xml/spring-util-2.0.xsd, http://www.springframework.org/schema/cache/spring-cache-4.0.xsd=org/springframework/cache/config/spring-cache-4.0.xsd, http://www.springframework.org/schema/lang/spring-lang-2.0.xsd=org/springframework/scripting/config/spring-lang-2.0.xsd, http://www.springframework.org/schema/util/spring-util-4.0.xsd=org/springframework/beans/factory/xml/spring-util-4.0.xsd, http://www.springframework.org/schema/lang/spring-lang-4.0.xsd=org/springframework/scripting/config/spring-lang-4.0.xsd, http://www.springframework.org/schema/tool/spring-tool-3.2.xsd=org/springframework/beans/factory/xml/spring-tool-3.2.xsd, http://www.springframework.org/schema/beans/spring-beans-2.5.xsd=org/springframework/beans/factory/xml/spring-beans-2.5.xsd}
2016-10-11 16:21:26 DEBUG PluggableSchemaResolver:119 - Found XML schema [http://www.springframework.org/schema/beans/spring-beans.xsd] in classpath: org/springframework/beans/factory/xml/spring-beans-4.0.xsd
2016-10-11 16:21:26 TRACE PluggableSchemaResolver:106 - Trying to resolve XML entity with public id [null] and system id [http://www.springframework.org/schema/context/spring-context.xsd]
2016-10-11 16:21:26 DEBUG PluggableSchemaResolver:119 - Found XML schema [http://www.springframework.org/schema/context/spring-context.xsd] in classpath: org/springframework/context/config/spring-context-4.0.xsd
2016-10-11 16:21:26 TRACE PluggableSchemaResolver:106 - Trying to resolve XML entity with public id [null] and system id [http://www.springframework.org/schema/tool/spring-tool-4.0.xsd]
2016-10-11 16:21:26 DEBUG PluggableSchemaResolver:119 - Found XML schema [http://www.springframework.org/schema/tool/spring-tool-4.0.xsd] in classpath: org/springframework/beans/factory/xml/spring-tool-4.0.xsd
2016-10-11 16:21:26 DEBUG DefaultBeanDefinitionDocumentReader:101 - Loading bean definitions
2016-10-11 16:21:26 DEBUG DefaultNamespaceHandlerResolver:157 - Loaded NamespaceHandler mappings: {http://www.springframework.org/schema/p=org.springframework.beans.factory.xml.SimplePropertyNamespaceHandler, http://www.springframework.org/schema/web-services=org.springframework.ws.config.WebServicesNamespaceHandler, http://www.springframework.org/schema/mvc=org.springframework.web.servlet.config.MvcNamespaceHandler, http://www.springframework.org/schema/util=org.springframework.beans.factory.xml.UtilNamespaceHandler, http://www.springframework.org/schema/jee=org.springframework.ejb.config.JeeNamespaceHandler, http://www.springframework.org/schema/aop=org.springframework.aop.config.AopNamespaceHandler, http://www.springframework.org/schema/oxm=org.springframework.oxm.config.OxmNamespaceHandler, http://www.springframework.org/schema/cache=org.springframework.cache.config.CacheNamespaceHandler, http://www.springframework.org/schema/c=org.springframework.beans.factory.xml.SimpleConstructorNamespaceHandler, http://www.springframework.org/schema/task=org.springframework.scheduling.config.TaskNamespaceHandler, http://www.springframework.org/schema/lang=org.springframework.scripting.config.LangNamespaceHandler, http://www.springframework.org/schema/context=org.springframework.context.config.ContextNamespaceHandler}
2016-10-11 16:21:26 DEBUG XmlBeanDefinitionReader:223 - Loaded 7 bean definitions from location pattern [classpath:soapClient.xml]
2016-10-11 16:21:26 INFO  GenericApplicationContext:515 - Refreshing org.springframework.context.support.GenericApplicationContext@57fffcd7: startup date [Tue Oct 11 16:21:26 CDT 2016]; root of context hierarchy
2016-10-11 16:21:26 DEBUG GenericApplicationContext:545 - Bean factory for org.springframework.context.support.GenericApplicationContext@57fffcd7: org.springframework.beans.factory.support.DefaultListableBeanFactory@7fad8c79: defining beans [org.springframework.context.annotation.internalConfigurationAnnotationProcessor,org.springframework.context.annotation.internalAutowiredAnnotationProcessor,org.springframework.context.annotation.internalRequiredAnnotationProcessor,org.springframework.context.annotation.internalCommonAnnotationProcessor,org.springframework.context.support.PropertySourcesPlaceholderConfigurer#0,accountWsTemplate,marshaller]; root of factory hierarchy
2016-10-11 16:21:26 DEBUG DefaultListableBeanFactory:221 - Creating shared instance of singleton bean &apos;org.springframework.context.annotation.internalConfigurationAnnotationProcessor&apos;
2016-10-11 16:21:26 DEBUG DefaultListableBeanFactory:449 - Creating instance of bean &apos;org.springframework.context.annotation.internalConfigurationAnnotationProcessor&apos;
2016-10-11 16:21:26 DEBUG DefaultListableBeanFactory:523 - Eagerly caching bean &apos;org.springframework.context.annotation.internalConfigurationAnnotationProcessor&apos; to allow for resolving potential circular references
2016-10-11 16:21:26 DEBUG DefaultListableBeanFactory:477 - Finished creating instance of bean &apos;org.springframework.context.annotation.internalConfigurationAnnotationProcessor&apos;
2016-10-11 16:21:26 DEBUG DefaultListableBeanFactory:221 - Creating shared instance of singleton bean &apos;org.springframework.context.support.PropertySourcesPlaceholderConfigurer#0&apos;
2016-10-11 16:21:26 DEBUG DefaultListableBeanFactory:449 - Creating instance of bean &apos;org.springframework.context.support.PropertySourcesPlaceholderConfigurer#0&apos;
2016-10-11 16:21:26 DEBUG DefaultListableBeanFactory:523 - Eagerly caching bean &apos;org.springframework.context.support.PropertySourcesPlaceholderConfigurer#0&apos; to allow for resolving potential circular references
2016-10-11 16:21:26 TRACE SpringFactoriesLoader:76 - Loaded [org.springframework.beans.BeanInfoFactory] names: [org.springframework.beans.ExtendedBeanInfoFactory]
2016-10-11 16:21:26 TRACE CachedIntrospectionResults:270 - Getting BeanInfo for class [org.springframework.context.support.PropertySourcesPlaceholderConfigurer]
2016-10-11 16:21:26 TRACE CachedIntrospectionResults:289 - Caching PropertyDescriptors for class [org.springframework.context.support.PropertySourcesPlaceholderConfigurer]
2016-10-11 16:21:26 TRACE CachedIntrospectionResults:302 - Found bean property &apos;appliedPropertySources&apos; of type [org.springframework.core.env.PropertySources]
2016-10-11 16:21:26 TRACE CachedIntrospectionResults:302 - Found bean property &apos;beanFactory&apos; of type [org.springframework.beans.factory.BeanFactory]
2016-10-11 16:21:26 TRACE CachedIntrospectionResults:302 - Found bean property &apos;beanName&apos; of type [java.lang.String]
2016-10-11 16:21:26 TRACE CachedIntrospectionResults:302 - Found bean property &apos;class&apos; of type [java.lang.Class]
2016-10-11 16:21:26 TRACE CachedIntrospectionResults:302 - Found bean property &apos;environment&apos; of type [org.springframework.core.env.Environment]
2016-10-11 16:21:26 TRACE CachedIntrospectionResults:302 - Found bean property &apos;fileEncoding&apos; of type [java.lang.String]
2016-10-11 16:21:26 TRACE CachedIntrospectionResults:302 - Found bean property &apos;ignoreResourceNotFound&apos; of type [boolean]
2016-10-11 16:21:26 TRACE CachedIntrospectionResults:302 - Found bean property &apos;ignoreUnresolvablePlaceholders&apos; of type [boolean]
2016-10-11 16:21:26 TRACE CachedIntrospectionResults:302 - Found bean property &apos;localOverride&apos; of type [boolean]
2016-10-11 16:21:26 TRACE CachedIntrospectionResults:302 - Found bean property &apos;location&apos; of type [org.springframework.core.io.Resource]
2016-10-11 16:21:26 TRACE CachedIntrospectionResults:302 - Found bean property &apos;locations&apos; of type [[Lorg.springframework.core.io.Resource;]
2016-10-11 16:21:26 TRACE CachedIntrospectionResults:302 - Found bean property &apos;nullValue&apos; of type [java.lang.String]
2016-10-11 16:21:26 TRACE CachedIntrospectionResults:302 - Found bean property &apos;order&apos; of type [int]
2016-10-11 16:21:26 TRACE CachedIntrospectionResults:302 - Found bean property &apos;placeholderPrefix&apos; of type [java.lang.String]
2016-10-11 16:21:26 TRACE CachedIntrospectionResults:302 - Found bean property &apos;placeholderSuffix&apos; of type [java.lang.String]
2016-10-11 16:21:26 TRACE CachedIntrospectionResults:302 - Found bean property &apos;properties&apos; of type [java.util.Properties]
2016-10-11 16:21:26 TRACE CachedIntrospectionResults:302 - Found bean property &apos;propertiesArray&apos; of type [[Ljava.util.Properties;]
2016-10-11 16:21:26 TRACE CachedIntrospectionResults:302 - Found bean property &apos;propertiesPersister&apos; of type [org.springframework.util.PropertiesPersister]
2016-10-11 16:21:26 TRACE CachedIntrospectionResults:302 - Found bean property &apos;propertySources&apos; of type [org.springframework.core.env.PropertySources]
2016-10-11 16:21:26 TRACE CachedIntrospectionResults:302 - Found bean property &apos;valueSeparator&apos; of type [java.lang.String]
2016-10-11 16:21:26 DEBUG DefaultListableBeanFactory:477 - Finished creating instance of bean &apos;org.springframework.context.support.PropertySourcesPlaceholderConfigurer#0&apos;
2016-10-11 16:21:26 DEBUG MutablePropertySources:109 - Adding [environmentProperties] PropertySource with lowest search precedence
2016-10-11 16:21:26 INFO  PropertySourcesPlaceholderConfigurer:172 - Loading properties file from class path resource [service.properties]
2016-10-11 16:21:26 DEBUG MutablePropertySources:109 - Adding [localProperties] PropertySource with lowest search precedence
2016-10-11 16:21:26 TRACE PropertySourcesPropertyResolver:76 - getProperty(&quot;accountservice.soap.url&quot;, String)
2016-10-11 16:21:26 DEBUG PropertySourcesPropertyResolver:81 - Searching for key &apos;accountservice.soap.url&apos; in [environmentProperties]
2016-10-11 16:21:26 TRACE PropertySourcesPropertyResolver:76 - getProperty(&quot;accountservice.soap.url&quot;, String)
2016-10-11 16:21:26 DEBUG PropertySourcesPropertyResolver:81 - Searching for key &apos;accountservice.soap.url&apos; in [systemProperties]
2016-10-11 16:21:26 DEBUG PropertySourcesPropertyResolver:81 - Searching for key &apos;accountservice.soap.url&apos; in [systemEnvironment]
2016-10-11 16:21:26 TRACE SystemEnvironmentPropertySource:78 - PropertySource [systemEnvironment] does not contain &apos;accountservice.soap.url&apos;
2016-10-11 16:21:26 TRACE SystemEnvironmentPropertySource:78 - PropertySource [systemEnvironment] does not contain &apos;accountservice_soap_url&apos;
2016-10-11 16:21:26 TRACE SystemEnvironmentPropertySource:78 - PropertySource [systemEnvironment] does not contain &apos;ACCOUNTSERVICE.SOAP.URL&apos;
2016-10-11 16:21:26 TRACE SystemEnvironmentPropertySource:78 - PropertySource [systemEnvironment] does not contain &apos;ACCOUNTSERVICE_SOAP_URL&apos;
2016-10-11 16:21:26 DEBUG PropertySourcesPropertyResolver:103 - Could not find key &apos;accountservice.soap.url&apos; in any property source. Returning [null]
2016-10-11 16:21:26 DEBUG PropertySourcesPropertyResolver:81 - Searching for key &apos;accountservice.soap.url&apos; in [localProperties]
2016-10-11 16:21:26 DEBUG PropertySourcesPropertyResolver:90 - Found key &apos;accountservice.soap.url&apos; in [localProperties] with type [String] and value &apos;http://localhost:8080/springSoapWs/accountService&apos;
2016-10-11 16:21:26 TRACE PropertyPlaceholderHelper:165 - Resolved placeholder &apos;accountservice.soap.url&apos;
2016-10-11 16:21:26 DEBUG DefaultListableBeanFactory:221 - Creating shared instance of singleton bean &apos;org.springframework.context.annotation.internalAutowiredAnnotationProcessor&apos;
2016-10-11 16:21:26 DEBUG DefaultListableBeanFactory:449 - Creating instance of bean &apos;org.springframework.context.annotation.internalAutowiredAnnotationProcessor&apos;
2016-10-11 16:21:26 DEBUG DefaultListableBeanFactory:523 - Eagerly caching bean &apos;org.springframework.context.annotation.internalAutowiredAnnotationProcessor&apos; to allow for resolving potential circular references
2016-10-11 16:21:26 DEBUG DefaultListableBeanFactory:477 - Finished creating instance of bean &apos;org.springframework.context.annotation.internalAutowiredAnnotationProcessor&apos;
2016-10-11 16:21:26 DEBUG DefaultListableBeanFactory:221 - Creating shared instance of singleton bean &apos;org.springframework.context.annotation.internalRequiredAnnotationProcessor&apos;
2016-10-11 16:21:26 DEBUG DefaultListableBeanFactory:449 - Creating instance of bean &apos;org.springframework.context.annotation.internalRequiredAnnotationProcessor&apos;
2016-10-11 16:21:26 DEBUG DefaultListableBeanFactory:523 - Eagerly caching bean &apos;org.springframework.context.annotation.internalRequiredAnnotationProcessor&apos; to allow for resolving potential circular references
2016-10-11 16:21:26 DEBUG DefaultListableBeanFactory:477 - Finished creating instance of bean &apos;org.springframework.context.annotation.internalRequiredAnnotationProcessor&apos;
2016-10-11 16:21:26 DEBUG DefaultListableBeanFactory:221 - Creating shared instance of singleton bean &apos;org.springframework.context.annotation.internalCommonAnnotationProcessor&apos;
2016-10-11 16:21:26 DEBUG DefaultListableBeanFactory:449 - Creating instance of bean &apos;org.springframework.context.annotation.internalCommonAnnotationProcessor&apos;
2016-10-11 16:21:26 DEBUG DefaultListableBeanFactory:523 - Eagerly caching bean &apos;org.springframework.context.annotation.internalCommonAnnotationProcessor&apos; to allow for resolving potential circular references
2016-10-11 16:21:26 DEBUG DefaultListableBeanFactory:477 - Finished creating instance of bean &apos;org.springframework.context.annotation.internalCommonAnnotationProcessor&apos;
2016-10-11 16:21:26 DEBUG DefaultListableBeanFactory:221 - Creating shared instance of singleton bean &apos;org.springframework.context.annotation.ConfigurationClassPostProcessor.importAwareProcessor&apos;
2016-10-11 16:21:26 DEBUG DefaultListableBeanFactory:449 - Creating instance of bean &apos;org.springframework.context.annotation.ConfigurationClassPostProcessor.importAwareProcessor&apos;
2016-10-11 16:21:26 DEBUG DefaultListableBeanFactory:523 - Eagerly caching bean &apos;org.springframework.context.annotation.ConfigurationClassPostProcessor.importAwareProcessor&apos; to allow for resolving potential circular references
2016-10-11 16:21:26 DEBUG DefaultListableBeanFactory:477 - Finished creating instance of bean &apos;org.springframework.context.annotation.ConfigurationClassPostProcessor.importAwareProcessor&apos;
2016-10-11 16:21:26 DEBUG DefaultListableBeanFactory:221 - Creating shared instance of singleton bean &apos;org.springframework.context.annotation.ConfigurationClassPostProcessor.enhancedConfigurationProcessor&apos;
2016-10-11 16:21:26 DEBUG DefaultListableBeanFactory:449 - Creating instance of bean &apos;org.springframework.context.annotation.ConfigurationClassPostProcessor.enhancedConfigurationProcessor&apos;
2016-10-11 16:21:26 DEBUG DefaultListableBeanFactory:523 - Eagerly caching bean &apos;org.springframework.context.annotation.ConfigurationClassPostProcessor.enhancedConfigurationProcessor&apos; to allow for resolving potential circular references
2016-10-11 16:21:26 DEBUG DefaultListableBeanFactory:477 - Finished creating instance of bean &apos;org.springframework.context.annotation.ConfigurationClassPostProcessor.enhancedConfigurationProcessor&apos;
2016-10-11 16:21:26 DEBUG GenericApplicationContext:651 - Unable to locate MessageSource with name &apos;messageSource&apos;: using default [org.springframework.context.support.DelegatingMessageSource@4278a03f]
2016-10-11 16:21:26 DEBUG GenericApplicationContext:675 - Unable to locate ApplicationEventMulticaster with name &apos;applicationEventMulticaster&apos;: using default [org.springframework.context.event.SimpleApplicationEventMulticaster@47542153]
2016-10-11 16:21:26 DEBUG DefaultListableBeanFactory:672 - Pre-instantiating singletons in org.springframework.beans.factory.support.DefaultListableBeanFactory@7fad8c79: defining beans [org.springframework.context.annotation.internalConfigurationAnnotationProcessor,org.springframework.context.annotation.internalAutowiredAnnotationProcessor,org.springframework.context.annotation.internalRequiredAnnotationProcessor,org.springframework.context.annotation.internalCommonAnnotationProcessor,org.springframework.context.support.PropertySourcesPlaceholderConfigurer#0,accountWsTemplate,marshaller,org.springframework.context.annotation.ConfigurationClassPostProcessor.importAwareProcessor,org.springframework.context.annotation.ConfigurationClassPostProcessor.enhancedConfigurationProcessor]; root of factory hierarchy
2016-10-11 16:21:26 DEBUG DefaultListableBeanFactory:247 - Returning cached instance of singleton bean &apos;org.springframework.context.annotation.internalConfigurationAnnotationProcessor&apos;
2016-10-11 16:21:26 DEBUG DefaultListableBeanFactory:247 - Returning cached instance of singleton bean &apos;org.springframework.context.annotation.internalAutowiredAnnotationProcessor&apos;
2016-10-11 16:21:26 DEBUG DefaultListableBeanFactory:247 - Returning cached instance of singleton bean &apos;org.springframework.context.annotation.internalRequiredAnnotationProcessor&apos;
2016-10-11 16:21:26 DEBUG DefaultListableBeanFactory:247 - Returning cached instance of singleton bean &apos;org.springframework.context.annotation.internalCommonAnnotationProcessor&apos;
2016-10-11 16:21:26 DEBUG DefaultListableBeanFactory:247 - Returning cached instance of singleton bean &apos;org.springframework.context.support.PropertySourcesPlaceholderConfigurer#0&apos;
2016-10-11 16:21:26 DEBUG DefaultListableBeanFactory:221 - Creating shared instance of singleton bean &apos;accountWsTemplate&apos;
2016-10-11 16:21:26 DEBUG DefaultListableBeanFactory:449 - Creating instance of bean &apos;accountWsTemplate&apos;
2016-10-11 16:21:26 INFO  SaajSoapMessageFactory:139 - Creating SAAJ 1.3 MessageFactory with SOAP 1.1 Protocol
2016-10-11 16:21:26 DEBUG SaajSoapMessageFactory:167 - Using MessageFactory class [com.sun.xml.messaging.saaj.soap.ver1_1.SOAPMessageFactory1_1Impl]
2016-10-11 16:21:26 DEBUG DefaultListableBeanFactory:523 - Eagerly caching bean &apos;accountWsTemplate&apos; to allow for resolving potential circular references
2016-10-11 16:21:26 TRACE CachedIntrospectionResults:270 - Getting BeanInfo for class [org.springframework.ws.client.core.WebServiceTemplate]
2016-10-11 16:21:26 TRACE CachedIntrospectionResults:289 - Caching PropertyDescriptors for class [org.springframework.ws.client.core.WebServiceTemplate]
2016-10-11 16:21:26 TRACE CachedIntrospectionResults:302 - Found bean property &apos;checkConnectionForError&apos; of type [boolean]
2016-10-11 16:21:26 TRACE CachedIntrospectionResults:302 - Found bean property &apos;checkConnectionForFault&apos; of type [boolean]
2016-10-11 16:21:26 TRACE CachedIntrospectionResults:302 - Found bean property &apos;class&apos; of type [java.lang.Class]
2016-10-11 16:21:26 TRACE CachedIntrospectionResults:302 - Found bean property &apos;defaultUri&apos; of type [java.lang.String]
2016-10-11 16:21:26 TRACE CachedIntrospectionResults:302 - Found bean property &apos;destinationProvider&apos; of type [org.springframework.ws.client.support.destination.DestinationProvider]
2016-10-11 16:21:26 TRACE CachedIntrospectionResults:302 - Found bean property &apos;faultMessageResolver&apos; of type [org.springframework.ws.client.core.FaultMessageResolver]
2016-10-11 16:21:26 TRACE CachedIntrospectionResults:302 - Found bean property &apos;interceptors&apos; of type [[Lorg.springframework.ws.client.support.interceptor.ClientInterceptor;]
2016-10-11 16:21:26 TRACE CachedIntrospectionResults:302 - Found bean property &apos;marshaller&apos; of type [org.springframework.oxm.Marshaller]
2016-10-11 16:21:26 TRACE CachedIntrospectionResults:302 - Found bean property &apos;messageFactory&apos; of type [org.springframework.ws.WebServiceMessageFactory]
2016-10-11 16:21:26 TRACE CachedIntrospectionResults:302 - Found bean property &apos;messageSender&apos; of type [org.springframework.ws.transport.WebServiceMessageSender]
2016-10-11 16:21:26 TRACE CachedIntrospectionResults:302 - Found bean property &apos;messageSenders&apos; of type [[Lorg.springframework.ws.transport.WebServiceMessageSender;]
2016-10-11 16:21:26 TRACE CachedIntrospectionResults:302 - Found bean property &apos;transformerFactoryClass&apos; of type [java.lang.Class]
2016-10-11 16:21:26 TRACE CachedIntrospectionResults:302 - Found bean property &apos;unmarshaller&apos; of type [org.springframework.oxm.Unmarshaller]
2016-10-11 16:21:26 DEBUG DefaultListableBeanFactory:221 - Creating shared instance of singleton bean &apos;marshaller&apos;
2016-10-11 16:21:26 DEBUG DefaultListableBeanFactory:449 - Creating instance of bean &apos;marshaller&apos;
2016-10-11 16:21:26 DEBUG DefaultListableBeanFactory:523 - Eagerly caching bean &apos;marshaller&apos; to allow for resolving potential circular references
2016-10-11 16:21:26 TRACE CachedIntrospectionResults:270 - Getting BeanInfo for class [org.springframework.oxm.jaxb.Jaxb2Marshaller]
2016-10-11 16:21:26 TRACE CachedIntrospectionResults:289 - Caching PropertyDescriptors for class [org.springframework.oxm.jaxb.Jaxb2Marshaller]
2016-10-11 16:21:26 TRACE CachedIntrospectionResults:302 - Found bean property &apos;adapters&apos; of type [[Ljavax.xml.bind.annotation.adapters.XmlAdapter;]
2016-10-11 16:21:26 TRACE CachedIntrospectionResults:302 - Found bean property &apos;beanClassLoader&apos; of type [java.lang.ClassLoader]
2016-10-11 16:21:26 TRACE CachedIntrospectionResults:302 - Found bean property &apos;checkForXmlRootElement&apos; of type [boolean]
2016-10-11 16:21:26 TRACE CachedIntrospectionResults:302 - Found bean property &apos;class&apos; of type [java.lang.Class]
2016-10-11 16:21:26 TRACE CachedIntrospectionResults:302 - Found bean property &apos;classesToBeBound&apos; of type [[Ljava.lang.Class;]
2016-10-11 16:21:26 TRACE CachedIntrospectionResults:302 - Found bean property &apos;contextPath&apos; of type [java.lang.String]
2016-10-11 16:21:26 TRACE CachedIntrospectionResults:302 - Found bean property &apos;contextPaths&apos; of type [[Ljava.lang.String;]
2016-10-11 16:21:26 TRACE CachedIntrospectionResults:302 - Found bean property &apos;jaxbContext&apos; of type [javax.xml.bind.JAXBContext]
2016-10-11 16:21:26 TRACE CachedIntrospectionResults:302 - Found bean property &apos;jaxbContextProperties&apos; of type [java.util.Map]
2016-10-11 16:21:26 TRACE CachedIntrospectionResults:302 - Found bean property &apos;lazyInit&apos; of type [boolean]
2016-10-11 16:21:26 TRACE CachedIntrospectionResults:302 - Found bean property &apos;mappedClass&apos; of type [java.lang.Class]
2016-10-11 16:21:26 TRACE CachedIntrospectionResults:302 - Found bean property &apos;marshallerListener&apos; of type [javax.xml.bind.Marshaller$Listener]
2016-10-11 16:21:26 TRACE CachedIntrospectionResults:302 - Found bean property &apos;marshallerProperties&apos; of type [java.util.Map]
2016-10-11 16:21:26 TRACE CachedIntrospectionResults:302 - Found bean property &apos;mtomEnabled&apos; of type [boolean]
2016-10-11 16:21:26 TRACE CachedIntrospectionResults:302 - Found bean property &apos;packagesToScan&apos; of type [[Ljava.lang.String;]
2016-10-11 16:21:26 TRACE CachedIntrospectionResults:302 - Found bean property &apos;processExternalEntities&apos; of type [boolean]
2016-10-11 16:21:26 TRACE CachedIntrospectionResults:302 - Found bean property &apos;schema&apos; of type [org.springframework.core.io.Resource]
2016-10-11 16:21:26 TRACE CachedIntrospectionResults:302 - Found bean property &apos;schemaLanguage&apos; of type [java.lang.String]
2016-10-11 16:21:26 TRACE CachedIntrospectionResults:302 - Found bean property &apos;schemaResourceResolver&apos; of type [org.w3c.dom.ls.LSResourceResolver]
2016-10-11 16:21:26 TRACE CachedIntrospectionResults:302 - Found bean property &apos;schemas&apos; of type [[Lorg.springframework.core.io.Resource;]
2016-10-11 16:21:26 TRACE CachedIntrospectionResults:302 - Found bean property &apos;supportJaxbElementClass&apos; of type [boolean]
2016-10-11 16:21:26 TRACE CachedIntrospectionResults:302 - Found bean property &apos;unmarshallerListener&apos; of type [javax.xml.bind.Unmarshaller$Listener]
2016-10-11 16:21:26 TRACE CachedIntrospectionResults:302 - Found bean property &apos;unmarshallerProperties&apos; of type [java.util.Map]
2016-10-11 16:21:26 TRACE CachedIntrospectionResults:302 - Found bean property &apos;validationEventHandler&apos; of type [javax.xml.bind.ValidationEventHandler]
2016-10-11 16:21:26 DEBUG DefaultListableBeanFactory:1596 - Invoking afterPropertiesSet() on bean with name &apos;marshaller&apos;
2016-10-11 16:21:26 INFO  Jaxb2Marshaller:472 - Creating JAXBContext with context path [com.parthi.spring.ws.soap.service]
2016-10-11 16:21:26 DEBUG DefaultListableBeanFactory:477 - Finished creating instance of bean &apos;marshaller&apos;
2016-10-11 16:21:26 DEBUG DefaultListableBeanFactory:247 - Returning cached instance of singleton bean &apos;marshaller&apos;
2016-10-11 16:21:26 DEBUG DefaultListableBeanFactory:449 - Creating instance of bean &apos;loggingInterceptor&apos;
2016-10-11 16:21:26 TRACE CachedIntrospectionResults:270 - Getting BeanInfo for class [com.parthi.spring.ws.soap.service.interceptor.LoggingInterceptor]
2016-10-11 16:21:26 TRACE CachedIntrospectionResults:289 - Caching PropertyDescriptors for class [com.parthi.spring.ws.soap.service.interceptor.LoggingInterceptor]
2016-10-11 16:21:26 TRACE CachedIntrospectionResults:302 - Found bean property &apos;class&apos; of type [java.lang.Class]
2016-10-11 16:21:26 DEBUG DefaultListableBeanFactory:477 - Finished creating instance of bean &apos;loggingInterceptor&apos;
2016-10-11 16:21:26 DEBUG DefaultListableBeanFactory:1596 - Invoking afterPropertiesSet() on bean with name &apos;accountWsTemplate&apos;
2016-10-11 16:21:26 DEBUG DefaultListableBeanFactory:477 - Finished creating instance of bean &apos;accountWsTemplate&apos;
2016-10-11 16:21:26 DEBUG DefaultListableBeanFactory:247 - Returning cached instance of singleton bean &apos;marshaller&apos;
2016-10-11 16:21:26 DEBUG DefaultListableBeanFactory:247 - Returning cached instance of singleton bean &apos;org.springframework.context.annotation.ConfigurationClassPostProcessor.importAwareProcessor&apos;
2016-10-11 16:21:26 DEBUG DefaultListableBeanFactory:247 - Returning cached instance of singleton bean &apos;org.springframework.context.annotation.ConfigurationClassPostProcessor.enhancedConfigurationProcessor&apos;
2016-10-11 16:21:26 DEBUG GenericApplicationContext:702 - Unable to locate LifecycleProcessor with name &apos;lifecycleProcessor&apos;: using default [org.springframework.context.support.DefaultLifecycleProcessor@76c3e77a]
2016-10-11 16:21:26 DEBUG DefaultListableBeanFactory:247 - Returning cached instance of singleton bean &apos;lifecycleProcessor&apos;
2016-10-11 16:21:26 TRACE GenericApplicationContext:331 - Publishing event in org.springframework.context.support.GenericApplicationContext@57fffcd7: org.springframework.context.event.ContextRefreshedEvent[source=org.springframework.context.support.GenericApplicationContext@57fffcd7: startup date [Tue Oct 11 16:21:26 CDT 2016]; root of context hierarchy]
2016-10-11 16:21:26 TRACE PropertySourcesPropertyResolver:76 - getProperty(&quot;spring.liveBeansView.mbeanDomain&quot;, String)
2016-10-11 16:21:26 DEBUG PropertySourcesPropertyResolver:81 - Searching for key &apos;spring.liveBeansView.mbeanDomain&apos; in [systemProperties]
2016-10-11 16:21:26 DEBUG PropertySourcesPropertyResolver:81 - Searching for key &apos;spring.liveBeansView.mbeanDomain&apos; in [systemEnvironment]
2016-10-11 16:21:26 TRACE SystemEnvironmentPropertySource:78 - PropertySource [systemEnvironment] does not contain &apos;spring.liveBeansView.mbeanDomain&apos;
2016-10-11 16:21:26 TRACE SystemEnvironmentPropertySource:78 - PropertySource [systemEnvironment] does not contain &apos;spring_liveBeansView_mbeanDomain&apos;
2016-10-11 16:21:26 TRACE SystemEnvironmentPropertySource:78 - PropertySource [systemEnvironment] does not contain &apos;SPRING.LIVEBEANSVIEW.MBEANDOMAIN&apos;
2016-10-11 16:21:26 TRACE SystemEnvironmentPropertySource:78 - PropertySource [systemEnvironment] does not contain &apos;SPRING_LIVEBEANSVIEW_MBEANDOMAIN&apos;
2016-10-11 16:21:26 DEBUG PropertySourcesPropertyResolver:103 - Could not find key &apos;spring.liveBeansView.mbeanDomain&apos; in any property source. Returning [null]
2016-10-11 16:21:26 DEBUG CacheAwareContextLoaderDelegate:97 - Storing ApplicationContext in cache under key [[MergedContextConfiguration@59fa1d9b testClass = AccountServiceTest, locations = &apos;{classpath:soapClient.xml}&apos;, classes = &apos;{}&apos;, contextInitializerClasses = &apos;[]&apos;, activeProfiles = &apos;{}&apos;, contextLoader = &apos;org.springframework.test.context.support.DelegatingSmartContextLoader&apos;, parent = [null]]]
2016-10-11 16:21:26 DEBUG cache:114 - Spring test ApplicationContext cache statistics: [ContextCache@505fc5a4 size = 1, hitCount = 0, missCount = 1, parentContextCount = 0]
2016-10-11 16:21:26 TRACE CachedIntrospectionResults:270 - Getting BeanInfo for class [com.parthi.spring.ws.soap.service.client.AccountServiceTest]
2016-10-11 16:21:26 TRACE CachedIntrospectionResults:289 - Caching PropertyDescriptors for class [com.parthi.spring.ws.soap.service.client.AccountServiceTest]
2016-10-11 16:21:26 TRACE CachedIntrospectionResults:302 - Found bean property &apos;class&apos; of type [java.lang.Class]
2016-10-11 16:21:26 DEBUG InjectionMetadata:86 - Processing injected element of bean &apos;com.parthi.spring.ws.soap.service.client.AccountServiceTest&apos;: AutowiredFieldElement for private org.springframework.ws.client.core.WebServiceTemplate com.parthi.spring.ws.soap.service.client.AccountServiceTest.accountWsTemplate
2016-10-11 16:21:26 DEBUG DefaultListableBeanFactory:247 - Returning cached instance of singleton bean &apos;accountWsTemplate&apos;
2016-10-11 16:21:26 DEBUG AutowiredAnnotationBeanPostProcessor:441 - Autowiring by type from bean name &apos;com.parthi.spring.ws.soap.service.client.AccountServiceTest&apos; to bean named &apos;accountWsTemplate&apos;
2016-10-11 16:21:26 TRACE TestContextManager:362 - beforeTestMethod(): instance [com.parthi.spring.ws.soap.service.client.AccountServiceTest@46d56d67], method [public void com.parthi.spring.ws.soap.service.client.AccountServiceTest.getDetails()]
2016-10-11 16:21:26 TRACE AccountServiceTest:33 - AccountServiceTest....
2016-10-11 16:21:26 DEBUG WebServiceTemplate:111 - Opening [org.springframework.ws.transport.http.HttpUrlConnection@25fb8912] to [http://localhost:8080/springSoapWs/accountService]
2016-10-11 16:21:26 TRACE LoggingInterceptor:33 - LoggingInterceptor.handleRequest.....
2016-10-11 16:21:26 TRACE sent:653 - Sent request [&lt;SOAP-ENV:Envelope xmlns:SOAP-ENV=&quot;http://schemas.xmlsoap.org/soap/envelope/&quot;&gt;&lt;SOAP-ENV:Header/&gt;&lt;SOAP-ENV:Body&gt;&lt;ns2:detailRequest xmlns:ns2=&quot;http://service.soap.ws.spring.parthi.com/&quot;&gt;&lt;accountName&gt;Kanishkha Parthiban&lt;/accountName&gt;&lt;/ns2:detailRequest&gt;&lt;/SOAP-ENV:Body&gt;&lt;/SOAP-ENV:Envelope&gt;]
2016-10-11 16:21:26 TRACE received:710 - Received response [&lt;SOAP-ENV:Envelope xmlns:SOAP-ENV=&quot;http://schemas.xmlsoap.org/soap/envelope/&quot;&gt;&lt;SOAP-ENV:Header/&gt;&lt;SOAP-ENV:Body&gt;&lt;SOAP-ENV:Fault&gt;&lt;faultcode&gt;SOAP-ENV:Server&lt;/faultcode&gt;&lt;faultstring xml:lang=&quot;en&quot;&gt;No adapter for endpoint [public com.parthi.spring.ws.soap.vo.AccountDetailResponse com.parthi.spring.ws.soap.service.AccountServiceImpl.getDetail(java.lang.String)]: Is your endpoint annotated with @Endpoint, or does it implement a supported interface like MessageHandler or PayloadEndpoint?&lt;/faultstring&gt;&lt;/SOAP-ENV:Fault&gt;&lt;/SOAP-ENV:Body&gt;&lt;/SOAP-ENV:Envelope&gt;] for request [&lt;SOAP-ENV:Envelope xmlns:SOAP-ENV=&quot;http://schemas.xmlsoap.org/soap/envelope/&quot;&gt;&lt;SOAP-ENV:Header/&gt;&lt;SOAP-ENV:Body&gt;&lt;ns2:detailRequest xmlns:ns2=&quot;http://service.soap.ws.spring.parthi.com/&quot;&gt;&lt;accountName&gt;Kanishkha Parthiban&lt;/accountName&gt;&lt;/ns2:detailRequest&gt;&lt;/SOAP-ENV:Body&gt;&lt;/SOAP-ENV:Envelope&gt;]
2016-10-11 16:21:26 DEBUG WebServiceTemplate:827 - Received Fault message for request [SaajSoapMessage {http://service.soap.ws.spring.parthi.com/}detailRequest]
2016-10-11 16:21:26 TRACE TestContextManager:406 - afterTestMethod(): instance [com.parthi.spring.ws.soap.service.client.AccountServiceTest@46d56d67], method [public void com.parthi.spring.ws.soap.service.client.AccountServiceTest.getDetails()], exception [org.springframework.ws.soap.client.SoapFaultClientException: No adapter for endpoint [public com.parthi.spring.ws.soap.vo.AccountDetailResponse com.parthi.spring.ws.soap.service.AccountServiceImpl.getDetail(java.lang.String)]: Is your endpoint annotated with @Endpoint, or does it implement a supported interface like MessageHandler or PayloadEndpoint?]
2016-10-11 16:21:26 DEBUG DirtiesContextTestExecutionListener:94 - After test method: context [DefaultTestContext@d8355a8 testClass = AccountServiceTest, testInstance = com.parthi.spring.ws.soap.service.client.AccountServiceTest@46d56d67, testMethod = getDetails@AccountServiceTest, testException = org.springframework.ws.soap.client.SoapFaultClientException: No adapter for endpoint [public com.parthi.spring.ws.soap.vo.AccountDetailResponse com.parthi.spring.ws.soap.service.AccountServiceImpl.getDetail(java.lang.String)]: Is your endpoint annotated with @Endpoint, or does it implement a supported interface like MessageHandler or PayloadEndpoint?, mergedContextConfiguration = [MergedContextConfiguration@59fa1d9b testClass = AccountServiceTest, locations = &apos;{classpath:soapClient.xml}&apos;, classes = &apos;{}&apos;, contextInitializerClasses = &apos;[]&apos;, activeProfiles = &apos;{}&apos;, contextLoader = &apos;org.springframework.test.context.support.DelegatingSmartContextLoader&apos;, parent = [null]]], class dirties context [false], class mode [null], method dirties context [false].
</system-out>
  </testcase>
  <testcase classname="com.parthi.spring.ws.soap.service.client.AccountServiceTest" name="getAccountDetails" time="0.047"/>
</testsuite>